15:46:57: Creating resource group General
15:46:57: Creating resource group Internal
15:46:57: Creating resource group Autodetect
15:46:57: Registering ResourceManager for type Mesh
15:46:57: Registering ResourceManager for type Material
15:46:57: Registering ResourceManager for type Skeleton
15:46:59: XMLMeshSerializer reading mesh data from Mesh.004.mesh.xml...
15:47:01: Reading geometry...
15:47:14: Geometry done...
15:47:14: Reading submeshes...
15:47:15: Submeshes done.
15:47:15: Skeleton: Loading Mesh.004.skeleton
15:47:15: OGRE EXCEPTION(6:FileNotFoundException): Cannot locate resource Mesh.004.skeleton in resource group General or any other group. in ResourceGroupManager::openResource at C:\Game_Engine\Ogre1.8.1\OgreMain\src\OgreResourceGroupManager.cpp (line 756)
15:47:15: Unable to load skeleton Mesh.004.skeleton for Mesh conversion. This Mesh will not be animated. You can ignore this message if you are using an offline tool.
15:47:15: Reading bone assignments...
15:47:15: Bone assignments done.
15:47:15: Reading mesh names...
15:47:15: Mesh names done.
15:47:16: XMLMeshSerializer import successful.
15:47:16: Reorganising vertex buffers to automatic layout..
15:47:16: MeshSerializer writing mesh data to stream ...
15:47:16: File header written.
15:47:16: Writing mesh data...
15:47:16: Writing submesh...
15:47:16: Exporting submesh texture aliases...
15:47:16: Submesh texture aliases exported.
15:47:16: Submesh exported.
15:47:16: Writing submesh...
15:47:16: Exporting submesh texture aliases...
15:47:16: Submesh texture aliases exported.
15:47:16: Submesh exported.
15:47:16: Exporting skeleton link...
15:47:16: Skeleton link exported.
15:47:16: Exporting shared geometry bone assignments...
15:47:16: Shared geometry bone assignments exported.
15:47:16: Exporting bounds information....
15:47:16: Bounds information exported.
15:47:16: Exporting submesh name table...
15:47:16: Submesh name table exported.
15:47:16: Exporting edge lists...
15:47:16: Edge lists exported
15:47:16: Mesh data exported.
15:47:16: MeshSerializer export successful.
15:47:16: Unregistering ResourceManager for type Skeleton
15:47:16: Unregistering ResourceManager for type Material
15:47:16: Unregistering ResourceManager for type Mesh
