14:52:45: Creating resource group General
14:52:45: Creating resource group Internal
14:52:45: Creating resource group Autodetect
14:52:45: Registering ResourceManager for type Material
14:52:45: Registering ResourceManager for type Skeleton
14:52:45: Registering ResourceManager for type Mesh
14:52:45: MeshSerializer writing mesh data to stream ...
14:52:45: File header written.
14:52:45: Writing mesh data...
14:52:45: Writing submesh...
14:52:45: Exporting submesh texture aliases...
14:52:45: Submesh texture aliases exported.
14:52:45: Submesh exported.
14:52:45: Exporting bounds information....
14:52:45: Bounds information exported.
14:52:45: Exporting submesh name table...
14:52:45: Submesh name table exported.
14:52:45: Exporting edge lists...
14:52:45: Edge lists exported
14:52:45: Mesh data exported.
14:52:45: MeshSerializer export successful.
14:52:45: Unregistering ResourceManager for type Mesh
14:52:45: Unregistering ResourceManager for type Skeleton
14:52:45: Unregistering ResourceManager for type Material
